\BOOKMARK [1][]{section.1}{\376\377\000I\000n\000t\000r\000o\000d\000u\000c\000t\000i\000o\000n}{}% 1
\BOOKMARK [1][]{section.2}{\376\377\000P\000r\000o\000b\000l\000e\000m\000\040\000a\000n\000d\000\040\000p\000r\000e\000l\000i\000m\000i\000n\000a\000r\000y}{}% 2
\BOOKMARK [2][]{subsection.2.1}{\376\377\000S\000y\000s\000t\000e\000m\000\040\000d\000e\000s\000c\000r\000i\000p\000t\000i\000o\000n}{section.2}% 3
\BOOKMARK [2][]{subsection.2.2}{\376\377\000F\000u\000z\000z\000y\000\040\000l\000o\000g\000i\000c\000\040\000s\000y\000s\000t\000e\000m\000\040}{section.2}% 4
\BOOKMARK [2][]{subsection.2.3}{\376\377\000P\000r\000e\000l\000i\000m\000i\000n\000a\000r\000y}{section.2}% 5
\BOOKMARK [1][]{section.3}{\376\377\000G\000l\000o\000b\000a\000l\000\040\000p\000r\000e\000s\000c\000r\000i\000b\000e\000d\040\023\000p\000e\000r\000f\000o\000r\000m\000a\000n\000c\000e\000\040\000f\000u\000n\000c\000t\000i\000o\000n}{}% 6
\BOOKMARK [2][]{section*.2}{\376\377\000D\000e\000r\000i\000v\000a\000t\000i\000v\000e\000s\000\040\000\050\000f\000o\000r\000\040\000e\000x\000a\000c\000t\000\040\000c\000o\000m\000p\000e\000n\000s\000a\000t\000i\000o\000n\000\051\000.}{section.3}% 7
\BOOKMARK [3][]{section*.3}{\376\377\000P\000a\000r\000a\000m\000e\000t\000e\000r\000\040\000g\000u\000i\000d\000e\000l\000i\000n\000e\000s\000.}{section*.2}% 8
\BOOKMARK [1][]{section.4}{\376\377\000M\000a\000i\000n\000\040\000r\000e\000s\000u\000l\000t\000s}{}% 9
\BOOKMARK [2][]{subsection.4.1}{\376\377\231\161\124\214\210\145\120\177\126\150\147\204\220\040}{section.4}% 10
\BOOKMARK [2][]{subsection.4.2}{\376\377\000C\000o\000n\000t\000r\000o\000l\000l\000e\000r\000\040\000d\000e\000s\000i\000g\000n}{section.4}% 11
\BOOKMARK [3][]{subsubsection.4.2.1}{\376\377\000B\000L\000F\000-\000b\000a\000s\000e\000d\000\040\000a\000c\000t\000u\000a\000l\000\040\000c\000o\000n\000t\000r\000o\000l\000l\000e\000r\000\040\000w\000i\000t\000h\000\040\000D\000O\000B\000\040\000\046\000\040\000F\000L\000S\000\040\000\050\000S\000t\000e\000p\000\040\0002\000\051}{subsection.4.2}% 12
\BOOKMARK [4][]{section*.4}{\376\377\000N\000o\000t\000a\000t\000i\000o\000n\000\040\000a\000l\000i\000g\000n\000e\000d\000\040\000w\000i\000t\000h\000\040\000S\000t\000e\000p\000\040\0001\000.}{subsubsection.4.2.1}% 13
\BOOKMARK [4][]{section*.5}{\376\377\000R\000o\000b\000o\000t\000\040\000d\000y\000n\000a\000m\000i\000c\000s\000\040\000i\000n\000\040\000a\000c\000c\000e\000l\000e\000r\000a\000t\000i\000o\000n\000\040\000f\000o\000r\000m\000.}{subsubsection.4.2.1}% 14
\BOOKMARK [4][]{section*.6}{\376\377\000T\000i\000m\000e\000\040\000d\000e\000r\000i\000v\000a\000t\000i\000v\000e\000\040\000o\000f\000\040\000V\0002\000.}{subsubsection.4.2.1}% 15
\BOOKMARK [4][]{section*.7}{\376\377\000P\000r\000e\000d\000e\000f\000i\000n\000e\000d\000-\000t\000i\000m\000e\000\040\000s\000h\000a\000p\000i\000n\000g\000\040\000f\000o\000r\000\040\000S\000t\000e\000p\000\040\0002\000.}{subsubsection.4.2.1}% 16
\BOOKMARK [4][]{section*.8}{\376\377\000F\000u\000z\000z\000y\000\040\000l\000o\000g\000i\000c\000\040\000s\000y\000s\000t\000e\000m\000\040\000\050\000F\000L\000S\000\051\000\040\000i\000d\000e\000n\000t\000i\000f\000i\000e\000r\000.}{subsubsection.4.2.1}% 17
\BOOKMARK [4][]{section*.9}{\376\377\000D\000i\000s\000t\000u\000r\000b\000a\000n\000c\000e\000\040\000o\000b\000s\000e\000r\000v\000e\000r\000\040\000\050\000D\000O\000B\000\051\000.}{subsubsection.4.2.1}% 18
\BOOKMARK [4][]{section*.10}{\376\377\000A\000c\000t\000u\000a\000l\000\040\000c\000o\000n\000t\000r\000o\000l\000l\000e\000r\000\040\000\050\000S\000t\000e\000p\000\040\0002\000\051\000.}{subsubsection.4.2.1}% 19
\BOOKMARK [4][]{section*.11}{\376\377\000C\000l\000o\000s\000e\000d\000-\000l\000o\000o\000p\000\040\000a\000n\000a\000l\000y\000s\000i\000s\000\040\000s\000k\000e\000t\000c\000h\000.}{subsubsection.4.2.1}% 20
